# JRE version: OpenJDK Runtime Environment (8.0_292-b10) (build 1.8.0_292-8u292-b10-0ubuntu1~16.04.1-b10)
# Java VM: OpenJDK 64-Bit Server VM (25.292-b10 mixed mode linux-amd64 compressed oops)
Heap:
 PSYoungGen      total 480768K, used 320K [0x00000000d6900000, 0x00000000f4880000, 0x0000000100000000)
  eden space 470528K, 0% used [0x00000000d6900000,0x00000000d6900000,0x00000000f3480000)
  from space 10240K, 3% used [0x00000000f3480000,0x00000000f34d0000,0x00000000f3e80000)
  to   space 7168K, 0% used [0x00000000f4180000,0x00000000f4180000,0x00000000f4880000)
 ParOldGen       total 53760K, used 17575K [0x0000000083a00000, 0x0000000086e80000, 0x00000000d6900000)
  object space 53760K, 32% used [0x0000000083a00000,0x0000000084b29db0,0x0000000086e80000)
 Metaspace       used 31859K, capacity 32756K, committed 32896K, reserved 1079296K
  class space    used 3451K, capacity 3920K, committed 3968K, reserved 1048576K
GC Heap History (10 events):
Event: 12.708 GC heap after
Heap after GC invocations=15 (full 1):
 PSYoungGen      total 321024K, used 64K [0x00000000d6900000, 0x00000000eb200000, 0x0000000100000000)
  eden space 315392K, 0% used [0x00000000d6900000,0x00000000d6900000,0x00000000e9d00000)
  from space 5632K, 1% used [0x00000000eac80000,0x00000000eac90000,0x00000000eb200000)
  to   space 10752K, 0% used [0x00000000e9d00000,0x00000000e9d00000,0x00000000ea780000)
 ParOldGen       total 53760K, used 17495K [0x0000000083a00000, 0x0000000086e80000, 0x00000000d6900000)
  object space 53760K, 32% used [0x0000000083a00000,0x0000000084b15db0,0x0000000086e80000)
 Metaspace       used 31815K, capacity 32692K, committed 32896K, reserved 1079296K
  class space    used 3451K, capacity 3920K, committed 3968K, reserved 1048576K
}
Event: 13.218 GC heap before
{Heap before GC invocations=16 (full 1):
 PSYoungGen      total 321024K, used 315456K [0x00000000d6900000, 0x00000000eb200000, 0x0000000100000000)
  eden space 315392K, 100% used [0x00000000d6900000,0x00000000e9d00000,0x00000000e9d00000)
  from space 5632K, 1% used [0x00000000eac80000,0x00000000eac90000,0x00000000eb200000)
  to   space 10752K, 0% used [0x00000000e9d00000,0x00000000e9d00000,0x00000000ea780000)
 ParOldGen       total 53760K, used 17495K [0x0000000083a00000, 0x0000000086e80000, 0x00000000d6900000)
  object space 53760K, 32% used [0x0000000083a00000,0x0000000084b15db0,0x0000000086e80000)
 Metaspace       used 31826K, capacity 32692K, committed 32896K, reserved 1079296K
  class space    used 3451K, capacity 3920K, committed 3968K, reserved 1048576K
Event: 13.221 GC heap after
Heap after GC invocations=16 (full 1):
 PSYoungGen      total 326144K, used 32K [0x00000000d6900000, 0x00000000f1080000, 0x0000000100000000)
  eden space 315392K, 0% used [0x00000000d6900000,0x00000000d6900000,0x00000000e9d00000)
  from space 10752K, 0% used [0x00000000e9d00000,0x00000000e9d08000,0x00000000ea780000)
  to   space 10752K, 0% used [0x00000000f0600000,0x00000000f0600000,0x00000000f1080000)
 ParOldGen       total 53760K, used 17551K [0x0000000083a00000, 0x0000000086e80000, 0x00000000d6900000)
  object space 53760K, 32% used [0x0000000083a00000,0x0000000084b23db0,0x0000000086e80000)
 Metaspace       used 31826K, capacity 32692K, committed 32896K, reserved 1079296K
  class space    used 3451K, capacity 3920K, committed 3968K, reserved 1048576K
}
Event: 13.687 GC heap before
{Heap before GC invocations=17 (full 1):
 PSYoungGen      total 326144K, used 315424K [0x00000000d6900000, 0x00000000f1080000, 0x0000000100000000)
  eden space 315392K, 100% used [0x00000000d6900000,0x00000000e9d00000,0x00000000e9d00000)
  from space 10752K, 0% used [0x00000000e9d00000,0x00000000e9d08000,0x00000000ea780000)
  to   space 10752K, 0% used [0x00000000f0600000,0x00000000f0600000,0x00000000f1080000)
 ParOldGen       total 53760K, used 17551K [0x0000000083a00000, 0x0000000086e80000, 0x00000000d6900000)
  object space 53760K, 32% used [0x0000000083a00000,0x0000000084b23db0,0x0000000086e80000)
 Metaspace       used 31827K, capacity 32692K, committed 32896K, reserved 1079296K
  class space    used 3451K, capacity 3920K, committed 3968K, reserved 1048576K
Event: 13.689 GC heap after
Heap after GC invocations=17 (full 1):
 PSYoungGen      total 409600K, used 32K [0x00000000d6900000, 0x00000000f0a00000, 0x0000000100000000)
  eden space 405504K, 0% used [0x00000000d6900000,0x00000000d6900000,0x00000000ef500000)
  from space 4096K, 0% used [0x00000000f0600000,0x00000000f0608000,0x00000000f0a00000)
  to   space 10752K, 0% used [0x00000000ef500000,0x00000000ef500000,0x00000000eff80000)
 ParOldGen       total 53760K, used 17567K [0x0000000083a00000, 0x0000000086e80000, 0x00000000d6900000)
  object space 53760K, 32% used [0x0000000083a00000,0x0000000084b27db0,0x0000000086e80000)
 Metaspace       used 31827K, capacity 32692K, committed 32896K, reserved 1079296K
  class space    used 3451K, capacity 3920K, committed 3968K, reserved 1048576K
}
Event: 15.074 GC heap before
{Heap before GC invocations=18 (full 1):
 PSYoungGen      total 409600K, used 405536K [0x00000000d6900000, 0x00000000f0a00000, 0x0000000100000000)
  eden space 405504K, 100% used [0x00000000d6900000,0x00000000ef500000,0x00000000ef500000)
  from space 4096K, 0% used [0x00000000f0600000,0x00000000f0608000,0x00000000f0a00000)
  to   space 10752K, 0% used [0x00000000ef500000,0x00000000ef500000,0x00000000eff80000)
 ParOldGen       total 53760K, used 17567K [0x0000000083a00000, 0x0000000086e80000, 0x00000000d6900000)
  object space 53760K, 32% used [0x0000000083a00000,0x0000000084b27db0,0x0000000086e80000)
 Metaspace       used 31846K, capacity 32756K, committed 32896K, reserved 1079296K
  class space    used 3451K, capacity 3920K, committed 3968K, reserved 1048576K
Event: 15.076 GC heap after
Heap after GC invocations=18 (full 1):
 PSYoungGen      total 416256K, used 64K [0x00000000d6900000, 0x00000000f4b80000, 0x0000000100000000)
  eden space 405504K, 0% used [0x00000000d6900000,0x00000000d6900000,0x00000000ef500000)
  from space 10752K, 0% used [0x00000000ef500000,0x00000000ef510000,0x00000000eff80000)
  to   space 10240K, 0% used [0x00000000f4180000,0x00000000f4180000,0x00000000f4b80000)
 ParOldGen       total 53760K, used 17567K [0x0000000083a00000, 0x0000000086e80000, 0x00000000d6900000)
  object space 53760K, 32% used [0x0000000083a00000,0x0000000084b27db0,0x0000000086e80000)
 Metaspace       used 31846K, capacity 32756K, committed 32896K, reserved 1079296K
  class space    used 3451K, capacity 3920K, committed 3968K, reserved 1048576K
}
Event: 15.593 GC heap before
{Heap before GC invocations=19 (full 1):
 PSYoungGen      total 416256K, used 405568K [0x00000000d6900000, 0x00000000f4b80000, 0x0000000100000000)
  eden space 405504K, 100% used [0x00000000d6900000,0x00000000ef500000,0x00000000ef500000)
  from space 10752K, 0% used [0x00000000ef500000,0x00000000ef510000,0x00000000eff80000)
  to   space 10240K, 0% used [0x00000000f4180000,0x00000000f4180000,0x00000000f4b80000)
 ParOldGen       total 53760K, used 17567K [0x0000000083a00000, 0x0000000086e80000, 0x00000000d6900000)
  object space 53760K, 32% used [0x0000000083a00000,0x0000000084b27db0,0x0000000086e80000)
 Metaspace       used 31858K, capacity 32756K, committed 32896K, reserved 1079296K
  class space    used 3451K, capacity 3920K, committed 3968K, reserved 1048576K
Event: 15.596 GC heap after
Heap after GC invocations=19 (full 1):
 PSYoungGen      total 477696K, used 288K [0x00000000d6900000, 0x00000000f4880000, 0x0000000100000000)
  eden space 470528K, 0% used [0x00000000d6900000,0x00000000d6900000,0x00000000f3480000)
  from space 7168K, 4% used [0x00000000f4180000,0x00000000f41c8000,0x00000000f4880000)
  to   space 10240K, 0% used [0x00000000f3480000,0x00000000f3480000,0x00000000f3e80000)
 ParOldGen       total 53760K, used 17575K [0x0000000083a00000, 0x0000000086e80000, 0x00000000d6900000)
  object space 53760K, 32% used [0x0000000083a00000,0x0000000084b29db0,0x0000000086e80000)
 Metaspace       used 31858K, capacity 32756K, committed 32896K, reserved 1079296K
  class space    used 3451K, capacity 3920K, committed 3968K, reserved 1048576K
}
Event: 16.138 GC heap before
{Heap before GC invocations=20 (full 1):
 PSYoungGen      total 477696K, used 470816K [0x00000000d6900000, 0x00000000f4880000, 0x0000000100000000)
  eden space 470528K, 100% used [0x00000000d6900000,0x00000000f3480000,0x00000000f3480000)
  from space 7168K, 4% used [0x00000000f4180000,0x00000000f41c8000,0x00000000f4880000)
  to   space 10240K, 0% used [0x00000000f3480000,0x00000000f3480000,0x00000000f3e80000)
 ParOldGen       total 53760K, used 17575K [0x0000000083a00000, 0x0000000086e80000, 0x00000000d6900000)
  object space 53760K, 32% used [0x0000000083a00000,0x0000000084b29db0,0x0000000086e80000)
 Metaspace       used 31859K, capacity 32756K, committed 32896K, reserved 1079296K
  class space    used 3451K, capacity 3920K, committed 3968K, reserved 1048576K

