# JRE version: OpenJDK Runtime Environment (8.0_292-b10) (build 1.8.0_292-8u292-b10-0ubuntu1~16.04.1-b10)
# Java VM: OpenJDK 64-Bit Server VM (25.292-b10 mixed mode linux-amd64 compressed oops)
Heap:
 PSYoungGen      total 131584K, used 0K [0x00000000d5580000, 0x00000000de880000, 0x0000000100000000)
  eden space 126464K, 0% used [0x00000000d5580000,0x00000000d5580000,0x00000000dd100000)
  from space 5120K, 0% used [0x00000000dd100000,0x00000000dd100000,0x00000000dd600000)
  to   space 1536K, 0% used [0x00000000de700000,0x00000000de700000,0x00000000de880000)
 ParOldGen       total 754176K, used 557756K [0x0000000080000000, 0x00000000ae080000, 0x00000000d5580000)
  object space 754176K, 73% used [0x0000000080000000,0x00000000a20af010,0x00000000ae080000)
 Metaspace       used 4101K, capacity 4768K, committed 4864K, reserved 1056768K
  class space    used 460K, capacity 464K, committed 512K, reserved 1048576K
GC Heap History (10 events):
Event: 2.366 GC heap before
{Heap before GC invocations=3 (full 0):
 PSYoungGen      total 70656K, used 720K [0x00000000d5580000, 0x00000000d9f80000, 0x0000000100000000)
  eden space 65536K, 0% used [0x00000000d5580000,0x00000000d5580000,0x00000000d9580000)
  from space 5120K, 14% used [0x00000000d9a80000,0x00000000d9b34010,0x00000000d9f80000)
  to   space 5120K, 0% used [0x00000000d9580000,0x00000000d9580000,0x00000000d9a80000)
 ParOldGen       total 1398272K, used 1007616K [0x0000000080000000, 0x00000000d5580000, 0x00000000d5580000)
  object space 1398272K, 72% used [0x0000000080000000,0x00000000bd8000f0,0x00000000d5580000)
 Metaspace       used 4042K, capacity 4704K, committed 4864K, reserved 1056768K
  class space    used 454K, capacity 464K, committed 512K, reserved 1048576K
Event: 3.537 GC heap after
Heap after GC invocations=3 (full 0):
 PSYoungGen      total 70656K, used 688K [0x00000000d5580000, 0x00000000ddf80000, 0x0000000100000000)
  eden space 65536K, 0% used [0x00000000d5580000,0x00000000d5580000,0x00000000d9580000)
  from space 5120K, 13% used [0x00000000d9580000,0x00000000d962c010,0x00000000d9a80000)
  to   space 5120K, 0% used [0x00000000dda80000,0x00000000dda80000,0x00000000ddf80000)
 ParOldGen       total 1398272K, used 1007616K [0x0000000080000000, 0x00000000d5580000, 0x00000000d5580000)
  object space 1398272K, 72% used [0x0000000080000000,0x00000000bd8000f0,0x00000000d5580000)
 Metaspace       used 4042K, capacity 4704K, committed 4864K, reserved 1056768K
  class space    used 454K, capacity 464K, committed 512K, reserved 1048576K
}
Event: 3.537 GC heap before
{Heap before GC invocations=4 (full 1):
 PSYoungGen      total 70656K, used 688K [0x00000000d5580000, 0x00000000ddf80000, 0x0000000100000000)
  eden space 65536K, 0% used [0x00000000d5580000,0x00000000d5580000,0x00000000d9580000)
  from space 5120K, 13% used [0x00000000d9580000,0x00000000d962c010,0x00000000d9a80000)
  to   space 5120K, 0% used [0x00000000dda80000,0x00000000dda80000,0x00000000ddf80000)
 ParOldGen       total 1398272K, used 1007616K [0x0000000080000000, 0x00000000d5580000, 0x00000000d5580000)
  object space 1398272K, 72% used [0x0000000080000000,0x00000000bd8000f0,0x00000000d5580000)
 Metaspace       used 4042K, capacity 4704K, committed 4864K, reserved 1056768K
  class space    used 454K, capacity 464K, committed 512K, reserved 1048576K
Event: 14.691 GC heap after
Heap after GC invocations=4 (full 1):
 PSYoungGen      total 70656K, used 0K [0x00000000d5580000, 0x00000000ddf80000, 0x0000000100000000)
  eden space 65536K, 0% used [0x00000000d5580000,0x00000000d5580000,0x00000000d9580000)
  from space 5120K, 0% used [0x00000000d9580000,0x00000000d9580000,0x00000000d9a80000)
  to   space 5120K, 0% used [0x00000000dda80000,0x00000000dda80000,0x00000000ddf80000)
 ParOldGen       total 631808K, used 524943K [0x0000000080000000, 0x00000000a6900000, 0x00000000d5580000)
  object space 631808K, 83% used [0x0000000080000000,0x00000000a00a3f90,0x00000000a6900000)
 Metaspace       used 4042K, capacity 4704K, committed 4864K, reserved 1056768K
  class space    used 454K, capacity 464K, committed 512K, reserved 1048576K
}
Event: 15.334 GC heap before
{Heap before GC invocations=5 (full 1):
 PSYoungGen      total 70656K, used 53963K [0x00000000d5580000, 0x00000000ddf80000, 0x0000000100000000)
  eden space 65536K, 82% used [0x00000000d5580000,0x00000000d8a32c20,0x00000000d9580000)
  from space 5120K, 0% used [0x00000000d9580000,0x00000000d9580000,0x00000000d9a80000)
  to   space 5120K, 0% used [0x00000000dda80000,0x00000000dda80000,0x00000000ddf80000)
 ParOldGen       total 1398272K, used 1049231K [0x0000000080000000, 0x00000000d5580000, 0x00000000d5580000)
  object space 1398272K, 75% used [0x0000000080000000,0x00000000c00a3fa8,0x00000000d5580000)
 Metaspace       used 4101K, capacity 4768K, committed 4864K, reserved 1056768K
  class space    used 460K, capacity 464K, committed 512K, reserved 1048576K
Event: 15.559 GC heap after
Heap after GC invocations=5 (full 1):
 PSYoungGen      total 94208K, used 96K [0x00000000d5580000, 0x00000000ddb00000, 0x0000000100000000)
  eden space 93696K, 0% used [0x00000000d5580000,0x00000000d5580000,0x00000000db100000)
  from space 512K, 18% used [0x00000000dda80000,0x00000000dda98000,0x00000000ddb00000)
  to   space 5120K, 0% used [0x00000000dd100000,0x00000000dd100000,0x00000000dd600000)
 ParOldGen       total 1398272K, used 1082007K [0x0000000080000000, 0x00000000d5580000, 0x00000000d5580000)
  object space 1398272K, 77% used [0x0000000080000000,0x00000000c20a5ff0,0x00000000d5580000)
 Metaspace       used 4101K, capacity 4768K, committed 4864K, reserved 1056768K
  class space    used 460K, capacity 464K, committed 512K, reserved 1048576K
}
Event: 15.559 GC heap before
{Heap before GC invocations=6 (full 1):
 PSYoungGen      total 94208K, used 96K [0x00000000d5580000, 0x00000000ddb00000, 0x0000000100000000)
  eden space 93696K, 0% used [0x00000000d5580000,0x00000000d5580000,0x00000000db100000)
  from space 512K, 18% used [0x00000000dda80000,0x00000000dda98000,0x00000000ddb00000)
  to   space 5120K, 0% used [0x00000000dd100000,0x00000000dd100000,0x00000000dd600000)
 ParOldGen       total 1398272K, used 1082007K [0x0000000080000000, 0x00000000d5580000, 0x00000000d5580000)
  object space 1398272K, 77% used [0x0000000080000000,0x00000000c20a5ff0,0x00000000d5580000)
 Metaspace       used 4101K, capacity 4768K, committed 4864K, reserved 1056768K
  class space    used 460K, capacity 464K, committed 512K, reserved 1048576K
Event: 15.723 GC heap after
Heap after GC invocations=6 (full 1):
 PSYoungGen      total 131584K, used 96K [0x00000000d5580000, 0x00000000de880000, 0x0000000100000000)
  eden space 126464K, 0% used [0x00000000d5580000,0x00000000d5580000,0x00000000dd100000)
  from space 5120K, 1% used [0x00000000dd100000,0x00000000dd118000,0x00000000dd600000)
  to   space 1536K, 0% used [0x00000000de700000,0x00000000de700000,0x00000000de880000)
 ParOldGen       total 1398272K, used 1082007K [0x0000000080000000, 0x00000000d5580000, 0x00000000d5580000)
  object space 1398272K, 77% used [0x0000000080000000,0x00000000c20a5ff0,0x00000000d5580000)
 Metaspace       used 4101K, capacity 4768K, committed 4864K, reserved 1056768K
  class space    used 460K, capacity 464K, committed 512K, reserved 1048576K
}
Event: 15.723 GC heap before
{Heap before GC invocations=7 (full 2):
 PSYoungGen      total 131584K, used 96K [0x00000000d5580000, 0x00000000de880000, 0x0000000100000000)
  eden space 126464K, 0% used [0x00000000d5580000,0x00000000d5580000,0x00000000dd100000)
  from space 5120K, 1% used [0x00000000dd100000,0x00000000dd118000,0x00000000dd600000)
  to   space 1536K, 0% used [0x00000000de700000,0x00000000de700000,0x00000000de880000)
 ParOldGen       total 1398272K, used 1082007K [0x0000000080000000, 0x00000000d5580000, 0x00000000d5580000)
  object space 1398272K, 77% used [0x0000000080000000,0x00000000c20a5ff0,0x00000000d5580000)
 Metaspace       used 4101K, capacity 4768K, committed 4864K, reserved 1056768K
  class space    used 460K, capacity 464K, committed 512K, reserved 1048576K
Event: 32.215 GC heap after
Heap after GC invocations=7 (full 2):
 PSYoungGen      total 131584K, used 0K [0x00000000d5580000, 0x00000000de880000, 0x0000000100000000)
  eden space 126464K, 0% used [0x00000000d5580000,0x00000000d5580000,0x00000000dd100000)
  from space 5120K, 0% used [0x00000000dd100000,0x00000000dd100000,0x00000000dd600000)
  to   space 1536K, 0% used [0x00000000de700000,0x00000000de700000,0x00000000de880000)
 ParOldGen       total 754176K, used 557756K [0x0000000080000000, 0x00000000ae080000, 0x00000000d5580000)
  object space 754176K, 73% used [0x0000000080000000,0x00000000a20af010,0x00000000ae080000)
 Metaspace       used 4101K, capacity 4768K, committed 4864K, reserved 1056768K
  class space    used 460K, capacity 464K, committed 512K, reserved 1048576K
}

